<?xml version="1.0" encoding="UTF-8"?>
<!-- Generated by org.testng.reporters.JUnitReportReporter -->
<testsuite skipped="0" hostname="dell-pc" name="com.comics.jiabin.testcases.BaseTest" tests="3" failures="0" timestamp="25 二月 2019 03:29:24 GMT" time="31.082" errors="0">
  <testcase name="defaultUi" time="10.132" classname="com.comics.jiabin.testcases.BaseTest"/>
  <testcase name="addPage" time="10.067" classname="com.comics.jiabin.testcases.BaseTest"/>
  <testcase name="historyPage" time="10.883" classname="com.comics.jiabin.testcases.BaseTest"/>
</testsuite> <!-- com.comics.jiabin.testcases.BaseTest -->
