<?xml version="1.0" encoding="UTF-8"?>
<!-- Generated by org.testng.reporters.JUnitReportReporter -->
<testsuite skipped="0" hostname="dell-pc" name="com.comics.jiabin.testcases.youxTest" tests="2" failures="0" timestamp="25 二月 2019 03:29:24 GMT" time="10.003" errors="0">
  <testcase name="qidongUi" time="5.001" classname="com.comics.jiabin.testcases.youxTest"/>
  <testcase name="shuruTest" time="5.002" classname="com.comics.jiabin.testcases.youxTest"/>
</testsuite> <!-- com.comics.jiabin.testcases.youxTest -->
