<?xml version="1.0" encoding="UTF-8"?>
<!-- Generated by org.testng.reporters.JUnitReportReporter -->
<testsuite skipped="0" hostname="dell-pc" name="com.comics.jiabin.testcases.DriverTest" tests="2" failures="0" timestamp="25 二月 2019 03:29:24 GMT" time="20.511" errors="0">
  <testcase name="qidongUi" time="10.037" classname="com.comics.jiabin.testcases.DriverTest"/>
  <testcase name="shuruTest" time="10.474" classname="com.comics.jiabin.testcases.DriverTest"/>
</testsuite> <!-- com.comics.jiabin.testcases.DriverTest -->
